Arguments: 
  /home/sutil/.nvm/versions/node/v10.16.3/bin/node /usr/share/yarn/bin/yarn.js init

PATH: 
  /home/sutil/.nvm/versions/node/v10.16.3/bin:/home/sutil/android-studio/gradle/gradle-4.4-20171031235950+0000/bin:/home/sutil/java/jdk1.8.0_152/bin:/home/sutil/android-studio/gradle/gradle-4.4-20171031235950+0000/bin:/home/sutil/Android/Sdk/tools:/home/sutil/Android/Sdk/tools/bin:/home/sutil/Android/Sdk/platform-tools:/usr/lib/jvm/java-11-oracle/bin:/home/sutil/bin:/home/sutil/.local/bin:/usr/local/sbin:/usr/local/bin:/usr/sbin:/usr/bin:/sbin:/bin:/usr/games:/usr/local/games:/snap/bin:/usr/lib/jvm/java-11-oracle/bin:/usr/lib/jvm/java-11-oracle/db/bin:/usr/lib/jvm/java-11-oracle/bin:/usr/lib/jvm/java-11-oracle/db/bin:/home/sutil/Android/Sdk/emulator:/home/sutil/Android/Sdk/tools:/home/sutil/Android/Sdk/tools/bin:/home/sutil/Android/Sdk/platform-tools:/home/sutil/.yarn/bin:/home/sutil/android-studio/gradle/gradle-4.4-20171031235950+0000/bin

Yarn version: 
  1.17.3

Node version: 
  10.16.3

Platform: 
  linux x64

Trace: 
  Error: canceled
      at Interface.<anonymous> (/usr/share/yarn/lib/cli.js:136724:13)
      at Interface.emit (events.js:198:13)
      at Interface._ttyWrite (readline.js:801:16)
      at ReadStream.onkeypress (readline.js:184:10)
      at ReadStream.emit (events.js:198:13)
      at emitKeys (internal/readline.js:424:14)
      at emitKeys.next (<anonymous>)
      at ReadStream.onData (readline.js:1075:36)
      at ReadStream.emit (events.js:198:13)
      at addChunk (_stream_readable.js:288:12)

npm manifest: 
  No manifest

yarn manifest: 
  No manifest

Lockfile: 
  No lockfile
